<?xml version="1.0" encoding="UTF-8"?>
<!-- Generated by org.testng.reporters.JUnitReportReporter -->
<testsuite hostname="BLR-L-PG038MCM" failures="0" tests="1" name="GITjiraTestNGtest.JiraTestNGtest.AppTest" time="3.828" errors="0" timestamp="2024-01-18T19:56:58 IST" skipped="0">
  <testcase classname="GITjiraTestNGtest.JiraTestNGtest.AppTest" name="MethodForGitHubAction" time="3.828"/>
</testsuite> <!-- GITjiraTestNGtest.JiraTestNGtest.AppTest -->
